Command line invocation:
    /Applications/Xcode.app/Contents/Developer/usr/bin/xcodebuild build -project Diabo/Diabo.xcodeproj -scheme Diabo -configuration Debug -sdk iphonesimulator -destination id=84E97624-CB2C-437D-B862-3C8E55197958

Build settings from command line:
    SDKROOT = iphonesimulator26.1

2026-01-11 11:05:16.130 xcodebuild[61601:19967652] [MT] IDERunDestination: Supported platforms for the buildables in the current scheme is empty.
ComputePackagePrebuildTargetDependencyGraph

Prepare packages

CreateBuildRequest

SendProjectDescription

CreateBuildOperation

ComputeTargetDependencyGraph
note: Building targets in dependency order
note: Target dependency graph (1 target)
    Target 'Diabo' in project 'Diabo' (no dependencies)

GatherProvisioningInputs

CreateBuildDescription

ExecuteExternalTool /Applications/Xcode.app/Contents/Developer/Toolchains/XcodeDefault.xctoolchain/usr/bin/clang -v -E -dM -isysroot /Applications/Xcode.app/Contents/Developer/Platforms/iPhoneSimulator.platform/Developer/SDKs/iPhoneSimulator26.1.sdk -x c -c /dev/null

ExecuteExternalTool /Applications/Xcode.app/Contents/Developer/usr/bin/actool --print-asset-tag-combinations --output-format xml1 /Users/adithyaanand/Desktop/Medisync-Diabo/Diabo/Diabo/Assets.xcassets

ExecuteExternalTool /Applications/Xcode.app/Contents/Developer/usr/bin/actool --version --output-format xml1

ExecuteExternalTool /Applications/Xcode.app/Contents/Developer/Toolchains/XcodeDefault.xctoolchain/usr/bin/swiftc --version

ExecuteExternalTool /Applications/Xcode.app/Contents/Developer/Toolchains/XcodeDefault.xctoolchain/usr/bin/ld -version_details

Build description signature: a7afdfac278eb5bcaaff7ec1640ba598
Build description path: /Users/adithyaanand/Library/Developer/Xcode/DerivedData/Diabo-hepanazjxbdhyofuedhffkymppql/Build/Intermediates.noindex/XCBuildData/a7afdfac278eb5bcaaff7ec1640ba598.xcbuilddata
ProcessProductPackaging "" /Users/adithyaanand/Library/Developer/Xcode/DerivedData/Diabo-hepanazjxbdhyofuedhffkymppql/Build/Intermediates.noindex/Diabo.build/Debug-iphonesimulator/Diabo.build/Diabo.app-Simulated.xcent (in target 'Diabo' from project 'Diabo')
    cd /Users/adithyaanand/Desktop/Medisync-Diabo/Diabo
    
    Entitlements:
    
    {
    "application-identifier" = "Q9ZHJ7B6ZB.com.paid.Diabo";
}
    
    builtin-productPackagingUtility -entitlements -format xml -o /Users/adithyaanand/Library/Developer/Xcode/DerivedData/Diabo-hepanazjxbdhyofuedhffkymppql/Build/Intermediates.noindex/Diabo.build/Debug-iphonesimulator/Diabo.build/Diabo.app-Simulated.xcent

ProcessProductPackagingDER /Users/adithyaanand/Library/Developer/Xcode/DerivedData/Diabo-hepanazjxbdhyofuedhffkymppql/Build/Intermediates.noindex/Diabo.build/Debug-iphonesimulator/Diabo.build/Diabo.app-Simulated.xcent /Users/adithyaanand/Library/Developer/Xcode/DerivedData/Diabo-hepanazjxbdhyofuedhffkymppql/Build/Intermediates.noindex/Diabo.build/Debug-iphonesimulator/Diabo.build/Diabo.app-Simulated.xcent.der (in target 'Diabo' from project 'Diabo')
    cd /Users/adithyaanand/Desktop/Medisync-Diabo/Diabo
    /usr/bin/derq query -f xml -i /Users/adithyaanand/Library/Developer/Xcode/DerivedData/Diabo-hepanazjxbdhyofuedhffkymppql/Build/Intermediates.noindex/Diabo.build/Debug-iphonesimulator/Diabo.build/Diabo.app-Simulated.xcent -o /Users/adithyaanand/Library/Developer/Xcode/DerivedData/Diabo-hepanazjxbdhyofuedhffkymppql/Build/Intermediates.noindex/Diabo.build/Debug-iphonesimulator/Diabo.build/Diabo.app-Simulated.xcent.der --raw

ClangStatCache /Applications/Xcode.app/Contents/Developer/Toolchains/XcodeDefault.xctoolchain/usr/bin/clang-stat-cache /Applications/Xcode.app/Contents/Developer/Platforms/iPhoneSimulator.platform/Developer/SDKs/iPhoneSimulator26.1.sdk /Users/adithyaanand/Library/Developer/Xcode/DerivedData/SDKStatCaches.noindex/iphonesimulator26.1-23B77-3885c01c3e6b6a337905948deab2002e90cf18a4295e390e64c810bc6bd7acbc.sdkstatcache
    cd /Users/adithyaanand/Desktop/Medisync-Diabo/Diabo/Diabo.xcodeproj
    /Applications/Xcode.app/Contents/Developer/Toolchains/XcodeDefault.xctoolchain/usr/bin/clang-stat-cache /Applications/Xcode.app/Contents/Developer/Platforms/iPhoneSimulator.platform/Developer/SDKs/iPhoneSimulator26.1.sdk -o /Users/adithyaanand/Library/Developer/Xcode/DerivedData/SDKStatCaches.noindex/iphonesimulator26.1-23B77-3885c01c3e6b6a337905948deab2002e90cf18a4295e390e64c810bc6bd7acbc.sdkstatcache

Ld /Users/adithyaanand/Library/Developer/Xcode/DerivedData/Diabo-hepanazjxbdhyofuedhffkymppql/Build/Products/Debug-iphonesimulator/Diabo.app/Diabo.debug.dylib normal (in target 'Diabo' from project 'Diabo')
    cd /Users/adithyaanand/Desktop/Medisync-Diabo/Diabo
    /Applications/Xcode.app/Contents/Developer/Toolchains/XcodeDefault.xctoolchain/usr/bin/clang -Xlinker -reproducible -target arm64-apple-ios17.0-simulator -dynamiclib -isysroot /Applications/Xcode.app/Contents/Developer/Platforms/iPhoneSimulator.platform/Developer/SDKs/iPhoneSimulator26.1.sdk -O0 -L/Users/adithyaanand/Library/Developer/Xcode/DerivedData/Diabo-hepanazjxbdhyofuedhffkymppql/Build/Intermediates.noindex/EagerLinkingTBDs/Debug-iphonesimulator -L/Users/adithyaanand/Library/Developer/Xcode/DerivedData/Diabo-hepanazjxbdhyofuedhffkymppql/Build/Products/Debug-iphonesimulator -F/Users/adithyaanand/Library/Developer/Xcode/DerivedData/Diabo-hepanazjxbdhyofuedhffkymppql/Build/Intermediates.noindex/EagerLinkingTBDs/Debug-iphonesimulator -F/Users/adithyaanand/Library/Developer/Xcode/DerivedData/Diabo-hepanazjxbdhyofuedhffkymppql/Build/Products/Debug-iphonesimulator -filelist /Users/adithyaanand/Library/Developer/Xcode/DerivedData/Diabo-hepanazjxbdhyofuedhffkymppql/Build/Intermediates.noindex/Diabo.build/Debug-iphonesimulator/Diabo.build/Objects-normal/arm64/Diabo.LinkFileList -install_name @rpath/Diabo.debug.dylib -Xlinker -rpath -Xlinker /usr/lib/swift -Xlinker -rpath -Xlinker @executable_path/Frameworks -dead_strip -Xlinker -object_path_lto -Xlinker /Users/adithyaanand/Library/Developer/Xcode/DerivedData/Diabo-hepanazjxbdhyofuedhffkymppql/Build/Intermediates.noindex/Diabo.build/Debug-iphonesimulator/Diabo.build/Objects-normal/arm64/Diabo_lto.o -rdynamic -Xlinker -no_deduplicate -Xlinker -objc_abi_version -Xlinker 2 -Xlinker -dependency_info -Xlinker /Users/adithyaanand/Library/Developer/Xcode/DerivedData/Diabo-hepanazjxbdhyofuedhffkymppql/Build/Intermediates.noindex/Diabo.build/Debug-iphonesimulator/Diabo.build/Objects-normal/arm64/Diabo_dependency_info.dat -fobjc-link-runtime -L/Applications/Xcode.app/Contents/Developer/Toolchains/XcodeDefault.xctoolchain/usr/lib/swift/iphonesimulator -L/usr/lib/swift -Xlinker -add_ast_path -Xlinker /Users/adithyaanand/Library/Developer/Xcode/DerivedData/Diabo-hepanazjxbdhyofuedhffkymppql/Build/Intermediates.noindex/Diabo.build/Debug-iphonesimulator/Diabo.build/Objects-normal/arm64/Diabo.swiftmodule @/Users/adithyaanand/Library/Developer/Xcode/DerivedData/Diabo-hepanazjxbdhyofuedhffkymppql/Build/Intermediates.noindex/Diabo.build/Debug-iphonesimulator/Diabo.build/Objects-normal/arm64/Diabo-linker-args.resp -Xlinker -alias -Xlinker _main -Xlinker ___debug_main_executable_dylib_entry_point -Xlinker -no_adhoc_codesign -o /Users/adithyaanand/Library/Developer/Xcode/DerivedData/Diabo-hepanazjxbdhyofuedhffkymppql/Build/Products/Debug-iphonesimulator/Diabo.app/Diabo.debug.dylib

ConstructStubExecutorLinkFileList /Users/adithyaanand/Library/Developer/Xcode/DerivedData/Diabo-hepanazjxbdhyofuedhffkymppql/Build/Intermediates.noindex/Diabo.build/Debug-iphonesimulator/Diabo.build/Diabo-ExecutorLinkFileList-normal-arm64.txt (in target 'Diabo' from project 'Diabo')
    cd /Users/adithyaanand/Desktop/Medisync-Diabo/Diabo
    construct-stub-executor-link-file-list /Users/adithyaanand/Library/Developer/Xcode/DerivedData/Diabo-hepanazjxbdhyofuedhffkymppql/Build/Products/Debug-iphonesimulator/Diabo.app/Diabo.debug.dylib /Applications/Xcode.app/Contents/Developer/Platforms/iPhoneSimulator.platform/Developer/usr/lib/libPreviewsJITStubExecutor_no_swift_entry_point.a /Applications/Xcode.app/Contents/Developer/Platforms/iPhoneSimulator.platform/Developer/usr/lib/libPreviewsJITStubExecutor.a --output /Users/adithyaanand/Library/Developer/Xcode/DerivedData/Diabo-hepanazjxbdhyofuedhffkymppql/Build/Intermediates.noindex/Diabo.build/Debug-iphonesimulator/Diabo.build/Diabo-ExecutorLinkFileList-normal-arm64.txt
note: Using stub executor library with Swift entry point. (in target 'Diabo' from project 'Diabo')

Ld /Users/adithyaanand/Library/Developer/Xcode/DerivedData/Diabo-hepanazjxbdhyofuedhffkymppql/Build/Products/Debug-iphonesimulator/Diabo.app/__preview.dylib normal (in target 'Diabo' from project 'Diabo')
    cd /Users/adithyaanand/Desktop/Medisync-Diabo/Diabo
    /Applications/Xcode.app/Contents/Developer/Toolchains/XcodeDefault.xctoolchain/usr/bin/clang -Xlinker -reproducible -target arm64-apple-ios17.0-simulator -dynamiclib -isysroot /Applications/Xcode.app/Contents/Developer/Platforms/iPhoneSimulator.platform/Developer/SDKs/iPhoneSimulator26.1.sdk -O0 -L/Users/adithyaanand/Library/Developer/Xcode/DerivedData/Diabo-hepanazjxbdhyofuedhffkymppql/Build/Products/Debug-iphonesimulator -F/Users/adithyaanand/Library/Developer/Xcode/DerivedData/Diabo-hepanazjxbdhyofuedhffkymppql/Build/Products/Debug-iphonesimulator -install_name @rpath/Diabo.debug.dylib -dead_strip -rdynamic -Xlinker -no_deduplicate -Xlinker -objc_abi_version -Xlinker 2 -Xlinker -dependency_info -Xlinker /Users/adithyaanand/Library/Developer/Xcode/DerivedData/Diabo-hepanazjxbdhyofuedhffkymppql/Build/Intermediates.noindex/Diabo.build/Debug-iphonesimulator/Diabo.build/Objects-normal/arm64/Diabo_dependency_info.dat -Xlinker -sectcreate -Xlinker __TEXT -Xlinker __entitlements -Xlinker /Users/adithyaanand/Library/Developer/Xcode/DerivedData/Diabo-hepanazjxbdhyofuedhffkymppql/Build/Intermediates.noindex/Diabo.build/Debug-iphonesimulator/Diabo.build/Diabo.app-Simulated.xcent -Xlinker -sectcreate -Xlinker __TEXT -Xlinker __ents_der -Xlinker /Users/adithyaanand/Library/Developer/Xcode/DerivedData/Diabo-hepanazjxbdhyofuedhffkymppql/Build/Intermediates.noindex/Diabo.build/Debug-iphonesimulator/Diabo.build/Diabo.app-Simulated.xcent.der -Xlinker -no_adhoc_codesign -o /Users/adithyaanand/Library/Developer/Xcode/DerivedData/Diabo-hepanazjxbdhyofuedhffkymppql/Build/Products/Debug-iphonesimulator/Diabo.app/__preview.dylib

Ld /Users/adithyaanand/Library/Developer/Xcode/DerivedData/Diabo-hepanazjxbdhyofuedhffkymppql/Build/Products/Debug-iphonesimulator/Diabo.app/Diabo normal (in target 'Diabo' from project 'Diabo')
    cd /Users/adithyaanand/Desktop/Medisync-Diabo/Diabo
    /Applications/Xcode.app/Contents/Developer/Toolchains/XcodeDefault.xctoolchain/usr/bin/clang -Xlinker -reproducible -target arm64-apple-ios17.0-simulator -isysroot /Applications/Xcode.app/Contents/Developer/Platforms/iPhoneSimulator.platform/Developer/SDKs/iPhoneSimulator26.1.sdk -O0 -L/Users/adithyaanand/Library/Developer/Xcode/DerivedData/Diabo-hepanazjxbdhyofuedhffkymppql/Build/Products/Debug-iphonesimulator -F/Users/adithyaanand/Library/Developer/Xcode/DerivedData/Diabo-hepanazjxbdhyofuedhffkymppql/Build/Products/Debug-iphonesimulator -Xlinker -rpath -Xlinker @executable_path -Xlinker -rpath -Xlinker @executable_path/Frameworks -rdynamic -Xlinker -no_deduplicate -Xlinker -objc_abi_version -Xlinker 2 -e ___debug_blank_executor_main -Xlinker -sectcreate -Xlinker __TEXT -Xlinker __debug_dylib -Xlinker /Users/adithyaanand/Library/Developer/Xcode/DerivedData/Diabo-hepanazjxbdhyofuedhffkymppql/Build/Intermediates.noindex/Diabo.build/Debug-iphonesimulator/Diabo.build/Diabo-DebugDylibPath-normal-arm64.txt -Xlinker -sectcreate -Xlinker __TEXT -Xlinker __debug_instlnm -Xlinker /Users/adithyaanand/Library/Developer/Xcode/DerivedData/Diabo-hepanazjxbdhyofuedhffkymppql/Build/Intermediates.noindex/Diabo.build/Debug-iphonesimulator/Diabo.build/Diabo-DebugDylibInstallName-normal-arm64.txt -Xlinker -filelist -Xlinker /Users/adithyaanand/Library/Developer/Xcode/DerivedData/Diabo-hepanazjxbdhyofuedhffkymppql/Build/Intermediates.noindex/Diabo.build/Debug-iphonesimulator/Diabo.build/Diabo-ExecutorLinkFileList-normal-arm64.txt -Xlinker -sectcreate -Xlinker __TEXT -Xlinker __entitlements -Xlinker /Users/adithyaanand/Library/Developer/Xcode/DerivedData/Diabo-hepanazjxbdhyofuedhffkymppql/Build/Intermediates.noindex/Diabo.build/Debug-iphonesimulator/Diabo.build/Diabo.app-Simulated.xcent -Xlinker -sectcreate -Xlinker __TEXT -Xlinker __ents_der -Xlinker /Users/adithyaanand/Library/Developer/Xcode/DerivedData/Diabo-hepanazjxbdhyofuedhffkymppql/Build/Intermediates.noindex/Diabo.build/Debug-iphonesimulator/Diabo.build/Diabo.app-Simulated.xcent.der /Users/adithyaanand/Library/Developer/Xcode/DerivedData/Diabo-hepanazjxbdhyofuedhffkymppql/Build/Products/Debug-iphonesimulator/Diabo.app/Diabo.debug.dylib -Xlinker -no_adhoc_codesign -o /Users/adithyaanand/Library/Developer/Xcode/DerivedData/Diabo-hepanazjxbdhyofuedhffkymppql/Build/Products/Debug-iphonesimulator/Diabo.app/Diabo

ExtractAppIntentsMetadata (in target 'Diabo' from project 'Diabo')
    cd /Users/adithyaanand/Desktop/Medisync-Diabo/Diabo
    /Applications/Xcode.app/Contents/Developer/Toolchains/XcodeDefault.xctoolchain/usr/bin/appintentsmetadataprocessor --toolchain-dir /var/run/com.apple.security.cryptexd/mnt/com.apple.MobileAsset.MetalToolchain-v17.2.54.0.UQGNkn/Metal.xctoolchain --module-name Diabo --sdk-root /Applications/Xcode.app/Contents/Developer/Platforms/iPhoneSimulator.platform/Developer/SDKs/iPhoneSimulator26.1.sdk --xcode-version 17B100 --platform-family iOS --deployment-target 17.0 --bundle-identifier com.paid.Diabo --output /Users/adithyaanand/Library/Developer/Xcode/DerivedData/Diabo-hepanazjxbdhyofuedhffkymppql/Build/Products/Debug-iphonesimulator/Diabo.app --target-triple arm64-apple-ios17.0-simulator --binary-file /Users/adithyaanand/Library/Developer/Xcode/DerivedData/Diabo-hepanazjxbdhyofuedhffkymppql/Build/Products/Debug-iphonesimulator/Diabo.app/Diabo --dependency-file /Users/adithyaanand/Library/Developer/Xcode/DerivedData/Diabo-hepanazjxbdhyofuedhffkymppql/Build/Intermediates.noindex/Diabo.build/Debug-iphonesimulator/Diabo.build/Objects-normal/arm64/Diabo_dependency_info.dat --stringsdata-file /Users/adithyaanand/Library/Developer/Xcode/DerivedData/Diabo-hepanazjxbdhyofuedhffkymppql/Build/Intermediates.noindex/Diabo.build/Debug-iphonesimulator/Diabo.build/Objects-normal/arm64/ExtractedAppShortcutsMetadata.stringsdata --source-file-list /Users/adithyaanand/Library/Developer/Xcode/DerivedData/Diabo-hepanazjxbdhyofuedhffkymppql/Build/Intermediates.noindex/Diabo.build/Debug-iphonesimulator/Diabo.build/Objects-normal/arm64/Diabo.SwiftFileList --metadata-file-list /Users/adithyaanand/Library/Developer/Xcode/DerivedData/Diabo-hepanazjxbdhyofuedhffkymppql/Build/Intermediates.noindex/Diabo.build/Debug-iphonesimulator/Diabo.build/Diabo.DependencyMetadataFileList --static-metadata-file-list /Users/adithyaanand/Library/Developer/Xcode/DerivedData/Diabo-hepanazjxbdhyofuedhffkymppql/Build/Intermediates.noindex/Diabo.build/Debug-iphonesimulator/Diabo.build/Diabo.DependencyStaticMetadataFileList --swift-const-vals-list /Users/adithyaanand/Library/Developer/Xcode/DerivedData/Diabo-hepanazjxbdhyofuedhffkymppql/Build/Intermediates.noindex/Diabo.build/Debug-iphonesimulator/Diabo.build/Objects-normal/arm64/Diabo.SwiftConstValuesFileList --compile-time-extraction --deployment-aware-processing --validate-assistant-intents --no-app-shortcuts-localization
2026-01-11 11:05:23.964 appintentsmetadataprocessor[61736:19969170] Starting appintentsmetadataprocessor export
2026-01-11 11:05:23.967 appintentsmetadataprocessor[61736:19969170] warning: Metadata extraction skipped. No AppIntents.framework dependency found.

ProcessInfoPlistFile /Users/adithyaanand/Library/Developer/Xcode/DerivedData/Diabo-hepanazjxbdhyofuedhffkymppql/Build/Products/Debug-iphonesimulator/Diabo.app/Info.plist /Users/adithyaanand/Library/Developer/Xcode/DerivedData/Diabo-hepanazjxbdhyofuedhffkymppql/Build/Intermediates.noindex/Diabo.build/Debug-iphonesimulator/Diabo.build/empty-Diabo.plist (in target 'Diabo' from project 'Diabo')
    cd /Users/adithyaanand/Desktop/Medisync-Diabo/Diabo
    builtin-infoPlistUtility /Users/adithyaanand/Library/Developer/Xcode/DerivedData/Diabo-hepanazjxbdhyofuedhffkymppql/Build/Intermediates.noindex/Diabo.build/Debug-iphonesimulator/Diabo.build/empty-Diabo.plist -producttype com.apple.product-type.application -genpkginfo /Users/adithyaanand/Library/Developer/Xcode/DerivedData/Diabo-hepanazjxbdhyofuedhffkymppql/Build/Products/Debug-iphonesimulator/Diabo.app/PkgInfo -expandbuildsettings -format binary -platform iphonesimulator -additionalcontentfile /Users/adithyaanand/Library/Developer/Xcode/DerivedData/Diabo-hepanazjxbdhyofuedhffkymppql/Build/Intermediates.noindex/Diabo.build/Debug-iphonesimulator/Diabo.build/assetcatalog_generated_info.plist -o /Users/adithyaanand/Library/Developer/Xcode/DerivedData/Diabo-hepanazjxbdhyofuedhffkymppql/Build/Products/Debug-iphonesimulator/Diabo.app/Info.plist

CopySwiftLibs /Users/adithyaanand/Library/Developer/Xcode/DerivedData/Diabo-hepanazjxbdhyofuedhffkymppql/Build/Products/Debug-iphonesimulator/Diabo.app (in target 'Diabo' from project 'Diabo')
    cd /Users/adithyaanand/Desktop/Medisync-Diabo/Diabo
    builtin-swiftStdLibTool --copy --verbose --sign - --scan-executable /Users/adithyaanand/Library/Developer/Xcode/DerivedData/Diabo-hepanazjxbdhyofuedhffkymppql/Build/Products/Debug-iphonesimulator/Diabo.app/Diabo.debug.dylib --scan-folder /Users/adithyaanand/Library/Developer/Xcode/DerivedData/Diabo-hepanazjxbdhyofuedhffkymppql/Build/Products/Debug-iphonesimulator/Diabo.app/Frameworks --scan-folder /Users/adithyaanand/Library/Developer/Xcode/DerivedData/Diabo-hepanazjxbdhyofuedhffkymppql/Build/Products/Debug-iphonesimulator/Diabo.app/PlugIns --scan-folder /Users/adithyaanand/Library/Developer/Xcode/DerivedData/Diabo-hepanazjxbdhyofuedhffkymppql/Build/Products/Debug-iphonesimulator/Diabo.app/SystemExtensions --scan-folder /Users/adithyaanand/Library/Developer/Xcode/DerivedData/Diabo-hepanazjxbdhyofuedhffkymppql/Build/Products/Debug-iphonesimulator/Diabo.app/Extensions --platform iphonesimulator --toolchain /var/run/com.apple.security.cryptexd/mnt/com.apple.MobileAsset.MetalToolchain-v17.2.54.0.UQGNkn/Metal.xctoolchain --toolchain /Applications/Xcode.app/Contents/Developer/Toolchains/XcodeDefault.xctoolchain --destination /Users/adithyaanand/Library/Developer/Xcode/DerivedData/Diabo-hepanazjxbdhyofuedhffkymppql/Build/Products/Debug-iphonesimulator/Diabo.app/Frameworks --strip-bitcode --strip-bitcode-tool /Applications/Xcode.app/Contents/Developer/Toolchains/XcodeDefault.xctoolchain/usr/bin/bitcode_strip --emit-dependency-info /Users/adithyaanand/Library/Developer/Xcode/DerivedData/Diabo-hepanazjxbdhyofuedhffkymppql/Build/Intermediates.noindex/Diabo.build/Debug-iphonesimulator/Diabo.build/SwiftStdLibToolInputDependencies.dep --filter-for-swift-os

CodeSign /Users/adithyaanand/Library/Developer/Xcode/DerivedData/Diabo-hepanazjxbdhyofuedhffkymppql/Build/Products/Debug-iphonesimulator/Diabo.app/Diabo.debug.dylib (in target 'Diabo' from project 'Diabo')
    cd /Users/adithyaanand/Desktop/Medisync-Diabo/Diabo
    
    Signing Identity:     "Sign to Run Locally"
    
    /usr/bin/codesign --force --sign - --timestamp\=none --generate-entitlement-der /Users/adithyaanand/Library/Developer/Xcode/DerivedData/Diabo-hepanazjxbdhyofuedhffkymppql/Build/Products/Debug-iphonesimulator/Diabo.app/Diabo.debug.dylib

CodeSign /Users/adithyaanand/Library/Developer/Xcode/DerivedData/Diabo-hepanazjxbdhyofuedhffkymppql/Build/Products/Debug-iphonesimulator/Diabo.app/__preview.dylib (in target 'Diabo' from project 'Diabo')
    cd /Users/adithyaanand/Desktop/Medisync-Diabo/Diabo
    
    Signing Identity:     "Sign to Run Locally"
    
    /usr/bin/codesign --force --sign - --timestamp\=none --generate-entitlement-der /Users/adithyaanand/Library/Developer/Xcode/DerivedData/Diabo-hepanazjxbdhyofuedhffkymppql/Build/Products/Debug-iphonesimulator/Diabo.app/__preview.dylib

CodeSign /Users/adithyaanand/Library/Developer/Xcode/DerivedData/Diabo-hepanazjxbdhyofuedhffkymppql/Build/Products/Debug-iphonesimulator/Diabo.app (in target 'Diabo' from project 'Diabo')
    cd /Users/adithyaanand/Desktop/Medisync-Diabo/Diabo
    
    Signing Identity:     "Sign to Run Locally"
    
    /usr/bin/codesign --force --sign - --timestamp\=none --generate-entitlement-der /Users/adithyaanand/Library/Developer/Xcode/DerivedData/Diabo-hepanazjxbdhyofuedhffkymppql/Build/Products/Debug-iphonesimulator/Diabo.app

Validate /Users/adithyaanand/Library/Developer/Xcode/DerivedData/Diabo-hepanazjxbdhyofuedhffkymppql/Build/Products/Debug-iphonesimulator/Diabo.app (in target 'Diabo' from project 'Diabo')
    cd /Users/adithyaanand/Desktop/Medisync-Diabo/Diabo
    builtin-validationUtility /Users/adithyaanand/Library/Developer/Xcode/DerivedData/Diabo-hepanazjxbdhyofuedhffkymppql/Build/Products/Debug-iphonesimulator/Diabo.app -shallow-bundle -infoplist-subpath Info.plist

** BUILD SUCCEEDED **

