Command line invocation:
    /Applications/Xcode.app/Contents/Developer/usr/bin/xcodebuild clean build -project Diabo/Diabo.xcodeproj -scheme Diabo -configuration Debug -sdk iphonesimulator -destination id=BFA6FFB9-B2B2-4BFE-9D82-42127CBCF350

Build settings from command line:
    SDKROOT = iphonesimulator26.1

2026-01-11 10:52:47.675 xcodebuild[52018:19933552] [MT] IDERunDestination: Supported platforms for the buildables in the current scheme is empty.
CreateBuildRequest

SendProjectDescription

CreateBuildOperation

** CLEAN SUCCEEDED **

ComputePackagePrebuildTargetDependencyGraph

Prepare packages

CreateBuildRequest

SendProjectDescription

CreateBuildOperation

ComputeTargetDependencyGraph
note: Building targets in dependency order
note: Target dependency graph (1 target)
    Target 'Diabo' in project 'Diabo' (no dependencies)

GatherProvisioningInputs

CreateBuildDescription

ExecuteExternalTool /Applications/Xcode.app/Contents/Developer/Toolchains/XcodeDefault.xctoolchain/usr/bin/clang -v -E -dM -isysroot /Applications/Xcode.app/Contents/Developer/Platforms/iPhoneSimulator.platform/Developer/SDKs/iPhoneSimulator26.1.sdk -x c -c /dev/null

Build description signature: bf8224fe116f0e964b9f716099dc9922
Build description path: /Users/adithyaanand/Library/Developer/Xcode/DerivedData/Diabo-hepanazjxbdhyofuedhffkymppql/Build/Intermediates.noindex/XCBuildData/bf8224fe116f0e964b9f716099dc9922.xcbuilddata
CreateBuildDirectory /Users/adithyaanand/Library/Developer/Xcode/DerivedData/Diabo-hepanazjxbdhyofuedhffkymppql/Build/Intermediates.noindex
    cd /Users/adithyaanand/Desktop/Medisync-Diabo/Diabo/Diabo.xcodeproj
    builtin-create-build-directory /Users/adithyaanand/Library/Developer/Xcode/DerivedData/Diabo-hepanazjxbdhyofuedhffkymppql/Build/Intermediates.noindex

CreateBuildDirectory /Users/adithyaanand/Library/Developer/Xcode/DerivedData/Diabo-hepanazjxbdhyofuedhffkymppql/Build/Products
    cd /Users/adithyaanand/Desktop/Medisync-Diabo/Diabo/Diabo.xcodeproj
    builtin-create-build-directory /Users/adithyaanand/Library/Developer/Xcode/DerivedData/Diabo-hepanazjxbdhyofuedhffkymppql/Build/Products

CreateBuildDirectory /Users/adithyaanand/Library/Developer/Xcode/DerivedData/Diabo-hepanazjxbdhyofuedhffkymppql/Build/Intermediates.noindex/SwiftExplicitPrecompiledModules
    cd /Users/adithyaanand/Desktop/Medisync-Diabo/Diabo/Diabo.xcodeproj
    builtin-create-build-directory /Users/adithyaanand/Library/Developer/Xcode/DerivedData/Diabo-hepanazjxbdhyofuedhffkymppql/Build/Intermediates.noindex/SwiftExplicitPrecompiledModules

CreateBuildDirectory /Users/adithyaanand/Library/Developer/Xcode/DerivedData/Diabo-hepanazjxbdhyofuedhffkymppql/Build/Intermediates.noindex/ExplicitPrecompiledModules
    cd /Users/adithyaanand/Desktop/Medisync-Diabo/Diabo/Diabo.xcodeproj
    builtin-create-build-directory /Users/adithyaanand/Library/Developer/Xcode/DerivedData/Diabo-hepanazjxbdhyofuedhffkymppql/Build/Intermediates.noindex/ExplicitPrecompiledModules

CreateBuildDirectory /Users/adithyaanand/Library/Developer/Xcode/DerivedData/Diabo-hepanazjxbdhyofuedhffkymppql/Build/Intermediates.noindex/EagerLinkingTBDs/Debug-iphonesimulator
    cd /Users/adithyaanand/Desktop/Medisync-Diabo/Diabo/Diabo.xcodeproj
    builtin-create-build-directory /Users/adithyaanand/Library/Developer/Xcode/DerivedData/Diabo-hepanazjxbdhyofuedhffkymppql/Build/Intermediates.noindex/EagerLinkingTBDs/Debug-iphonesimulator

WriteAuxiliaryFile /Users/adithyaanand/Library/Developer/Xcode/DerivedData/Diabo-hepanazjxbdhyofuedhffkymppql/Build/Intermediates.noindex/Diabo.build/Debug-iphonesimulator/Diabo-9df63efc9cf478357eb89ee6f4613a2e-VFS-iphonesimulator/all-product-headers.yaml
    cd /Users/adithyaanand/Desktop/Medisync-Diabo/Diabo/Diabo.xcodeproj
    write-file /Users/adithyaanand/Library/Developer/Xcode/DerivedData/Diabo-hepanazjxbdhyofuedhffkymppql/Build/Intermediates.noindex/Diabo.build/Debug-iphonesimulator/Diabo-9df63efc9cf478357eb89ee6f4613a2e-VFS-iphonesimulator/all-product-headers.yaml

CreateBuildDirectory /Users/adithyaanand/Library/Developer/Xcode/DerivedData/Diabo-hepanazjxbdhyofuedhffkymppql/Build/Products/Debug-iphonesimulator
    cd /Users/adithyaanand/Desktop/Medisync-Diabo/Diabo/Diabo.xcodeproj
    builtin-create-build-directory /Users/adithyaanand/Library/Developer/Xcode/DerivedData/Diabo-hepanazjxbdhyofuedhffkymppql/Build/Products/Debug-iphonesimulator

WriteAuxiliaryFile /Users/adithyaanand/Library/Developer/Xcode/DerivedData/Diabo-hepanazjxbdhyofuedhffkymppql/Build/Intermediates.noindex/Diabo.build/Debug-iphonesimulator/Diabo.build/Diabo.DependencyStaticMetadataFileList (in target 'Diabo' from project 'Diabo')
    cd /Users/adithyaanand/Desktop/Medisync-Diabo/Diabo
    write-file /Users/adithyaanand/Library/Developer/Xcode/DerivedData/Diabo-hepanazjxbdhyofuedhffkymppql/Build/Intermediates.noindex/Diabo.build/Debug-iphonesimulator/Diabo.build/Diabo.DependencyStaticMetadataFileList

WriteAuxiliaryFile /Users/adithyaanand/Library/Developer/Xcode/DerivedData/Diabo-hepanazjxbdhyofuedhffkymppql/Build/Intermediates.noindex/Diabo.build/Debug-iphonesimulator/Diabo.build/Diabo.DependencyMetadataFileList (in target 'Diabo' from project 'Diabo')
    cd /Users/adithyaanand/Desktop/Medisync-Diabo/Diabo
    write-file /Users/adithyaanand/Library/Developer/Xcode/DerivedData/Diabo-hepanazjxbdhyofuedhffkymppql/Build/Intermediates.noindex/Diabo.build/Debug-iphonesimulator/Diabo.build/Diabo.DependencyMetadataFileList

WriteAuxiliaryFile /Users/adithyaanand/Library/Developer/Xcode/DerivedData/Diabo-hepanazjxbdhyofuedhffkymppql/Build/Intermediates.noindex/Diabo.build/Debug-iphonesimulator/Diabo.build/Diabo.hmap (in target 'Diabo' from project 'Diabo')
    cd /Users/adithyaanand/Desktop/Medisync-Diabo/Diabo
    write-file /Users/adithyaanand/Library/Developer/Xcode/DerivedData/Diabo-hepanazjxbdhyofuedhffkymppql/Build/Intermediates.noindex/Diabo.build/Debug-iphonesimulator/Diabo.build/Diabo.hmap

WriteAuxiliaryFile /Users/adithyaanand/Library/Developer/Xcode/DerivedData/Diabo-hepanazjxbdhyofuedhffkymppql/Build/Intermediates.noindex/Diabo.build/Debug-iphonesimulator/Diabo.build/Diabo-project-headers.hmap (in target 'Diabo' from project 'Diabo')
    cd /Users/adithyaanand/Desktop/Medisync-Diabo/Diabo
    write-file /Users/adithyaanand/Library/Developer/Xcode/DerivedData/Diabo-hepanazjxbdhyofuedhffkymppql/Build/Intermediates.noindex/Diabo.build/Debug-iphonesimulator/Diabo.build/Diabo-project-headers.hmap

WriteAuxiliaryFile /Users/adithyaanand/Library/Developer/Xcode/DerivedData/Diabo-hepanazjxbdhyofuedhffkymppql/Build/Intermediates.noindex/Diabo.build/Debug-iphonesimulator/Diabo.build/Diabo-own-target-headers.hmap (in target 'Diabo' from project 'Diabo')
    cd /Users/adithyaanand/Desktop/Medisync-Diabo/Diabo
    write-file /Users/adithyaanand/Library/Developer/Xcode/DerivedData/Diabo-hepanazjxbdhyofuedhffkymppql/Build/Intermediates.noindex/Diabo.build/Debug-iphonesimulator/Diabo.build/Diabo-own-target-headers.hmap

WriteAuxiliaryFile /Users/adithyaanand/Library/Developer/Xcode/DerivedData/Diabo-hepanazjxbdhyofuedhffkymppql/Build/Intermediates.noindex/Diabo.build/Debug-iphonesimulator/Diabo.build/Diabo-generated-files.hmap (in target 'Diabo' from project 'Diabo')
    cd /Users/adithyaanand/Desktop/Medisync-Diabo/Diabo
    write-file /Users/adithyaanand/Library/Developer/Xcode/DerivedData/Diabo-hepanazjxbdhyofuedhffkymppql/Build/Intermediates.noindex/Diabo.build/Debug-iphonesimulator/Diabo.build/Diabo-generated-files.hmap

WriteAuxiliaryFile /Users/adithyaanand/Library/Developer/Xcode/DerivedData/Diabo-hepanazjxbdhyofuedhffkymppql/Build/Intermediates.noindex/Diabo.build/Debug-iphonesimulator/Diabo.build/empty-Diabo.plist (in target 'Diabo' from project 'Diabo')
    cd /Users/adithyaanand/Desktop/Medisync-Diabo/Diabo
    write-file /Users/adithyaanand/Library/Developer/Xcode/DerivedData/Diabo-hepanazjxbdhyofuedhffkymppql/Build/Intermediates.noindex/Diabo.build/Debug-iphonesimulator/Diabo.build/empty-Diabo.plist

WriteAuxiliaryFile /Users/adithyaanand/Library/Developer/Xcode/DerivedData/Diabo-hepanazjxbdhyofuedhffkymppql/Build/Intermediates.noindex/Diabo.build/Debug-iphonesimulator/Diabo.build/Diabo-all-target-headers.hmap (in target 'Diabo' from project 'Diabo')
    cd /Users/adithyaanand/Desktop/Medisync-Diabo/Diabo
    write-file /Users/adithyaanand/Library/Developer/Xcode/DerivedData/Diabo-hepanazjxbdhyofuedhffkymppql/Build/Intermediates.noindex/Diabo.build/Debug-iphonesimulator/Diabo.build/Diabo-all-target-headers.hmap

WriteAuxiliaryFile /Users/adithyaanand/Library/Developer/Xcode/DerivedData/Diabo-hepanazjxbdhyofuedhffkymppql/Build/Intermediates.noindex/Diabo.build/Debug-iphonesimulator/Diabo.build/Diabo-all-non-framework-target-headers.hmap (in target 'Diabo' from project 'Diabo')
    cd /Users/adithyaanand/Desktop/Medisync-Diabo/Diabo
    write-file /Users/adithyaanand/Library/Developer/Xcode/DerivedData/Diabo-hepanazjxbdhyofuedhffkymppql/Build/Intermediates.noindex/Diabo.build/Debug-iphonesimulator/Diabo.build/Diabo-all-non-framework-target-headers.hmap

MkDir /Users/adithyaanand/Library/Developer/Xcode/DerivedData/Diabo-hepanazjxbdhyofuedhffkymppql/Build/Products/Debug-iphonesimulator/Diabo.app (in target 'Diabo' from project 'Diabo')
    cd /Users/adithyaanand/Desktop/Medisync-Diabo/Diabo
    /bin/mkdir -p /Users/adithyaanand/Library/Developer/Xcode/DerivedData/Diabo-hepanazjxbdhyofuedhffkymppql/Build/Products/Debug-iphonesimulator/Diabo.app

WriteAuxiliaryFile /Users/adithyaanand/Library/Developer/Xcode/DerivedData/Diabo-hepanazjxbdhyofuedhffkymppql/Build/Intermediates.noindex/Diabo.build/Debug-iphonesimulator/Diabo.build/DerivedSources/Entitlements-Simulated.plist (in target 'Diabo' from project 'Diabo')
    cd /Users/adithyaanand/Desktop/Medisync-Diabo/Diabo
    write-file /Users/adithyaanand/Library/Developer/Xcode/DerivedData/Diabo-hepanazjxbdhyofuedhffkymppql/Build/Intermediates.noindex/Diabo.build/Debug-iphonesimulator/Diabo.build/DerivedSources/Entitlements-Simulated.plist

ProcessProductPackaging "" /Users/adithyaanand/Library/Developer/Xcode/DerivedData/Diabo-hepanazjxbdhyofuedhffkymppql/Build/Intermediates.noindex/Diabo.build/Debug-iphonesimulator/Diabo.build/Diabo.app-Simulated.xcent (in target 'Diabo' from project 'Diabo')
    cd /Users/adithyaanand/Desktop/Medisync-Diabo/Diabo
    
    Entitlements:
    
    {
    "application-identifier" = "Q9ZHJ7B6ZB.com.paid.Diabo";
}
    
    builtin-productPackagingUtility -entitlements -format xml -o /Users/adithyaanand/Library/Developer/Xcode/DerivedData/Diabo-hepanazjxbdhyofuedhffkymppql/Build/Intermediates.noindex/Diabo.build/Debug-iphonesimulator/Diabo.build/Diabo.app-Simulated.xcent

ProcessProductPackagingDER /Users/adithyaanand/Library/Developer/Xcode/DerivedData/Diabo-hepanazjxbdhyofuedhffkymppql/Build/Intermediates.noindex/Diabo.build/Debug-iphonesimulator/Diabo.build/Diabo.app-Simulated.xcent /Users/adithyaanand/Library/Developer/Xcode/DerivedData/Diabo-hepanazjxbdhyofuedhffkymppql/Build/Intermediates.noindex/Diabo.build/Debug-iphonesimulator/Diabo.build/Diabo.app-Simulated.xcent.der (in target 'Diabo' from project 'Diabo')
    cd /Users/adithyaanand/Desktop/Medisync-Diabo/Diabo
    /usr/bin/derq query -f xml -i /Users/adithyaanand/Library/Developer/Xcode/DerivedData/Diabo-hepanazjxbdhyofuedhffkymppql/Build/Intermediates.noindex/Diabo.build/Debug-iphonesimulator/Diabo.build/Diabo.app-Simulated.xcent -o /Users/adithyaanand/Library/Developer/Xcode/DerivedData/Diabo-hepanazjxbdhyofuedhffkymppql/Build/Intermediates.noindex/Diabo.build/Debug-iphonesimulator/Diabo.build/Diabo.app-Simulated.xcent.der --raw

ProcessInfoPlistFile /Users/adithyaanand/Library/Developer/Xcode/DerivedData/Diabo-hepanazjxbdhyofuedhffkymppql/Build/Products/Debug-iphonesimulator/Diabo.app/Info.plist /Users/adithyaanand/Library/Developer/Xcode/DerivedData/Diabo-hepanazjxbdhyofuedhffkymppql/Build/Intermediates.noindex/Diabo.build/Debug-iphonesimulator/Diabo.build/empty-Diabo.plist (in target 'Diabo' from project 'Diabo')
    cd /Users/adithyaanand/Desktop/Medisync-Diabo/Diabo
    builtin-infoPlistUtility /Users/adithyaanand/Library/Developer/Xcode/DerivedData/Diabo-hepanazjxbdhyofuedhffkymppql/Build/Intermediates.noindex/Diabo.build/Debug-iphonesimulator/Diabo.build/empty-Diabo.plist -producttype com.apple.product-type.application -genpkginfo /Users/adithyaanand/Library/Developer/Xcode/DerivedData/Diabo-hepanazjxbdhyofuedhffkymppql/Build/Products/Debug-iphonesimulator/Diabo.app/PkgInfo -expandbuildsettings -format binary -platform iphonesimulator -o /Users/adithyaanand/Library/Developer/Xcode/DerivedData/Diabo-hepanazjxbdhyofuedhffkymppql/Build/Products/Debug-iphonesimulator/Diabo.app/Info.plist

CodeSign /Users/adithyaanand/Library/Developer/Xcode/DerivedData/Diabo-hepanazjxbdhyofuedhffkymppql/Build/Products/Debug-iphonesimulator/Diabo.app (in target 'Diabo' from project 'Diabo')
    cd /Users/adithyaanand/Desktop/Medisync-Diabo/Diabo
    
    Signing Identity:     "Sign to Run Locally"
    
    /usr/bin/codesign --force --sign - --timestamp\=none --generate-entitlement-der /Users/adithyaanand/Library/Developer/Xcode/DerivedData/Diabo-hepanazjxbdhyofuedhffkymppql/Build/Products/Debug-iphonesimulator/Diabo.app

RegisterExecutionPolicyException /Users/adithyaanand/Library/Developer/Xcode/DerivedData/Diabo-hepanazjxbdhyofuedhffkymppql/Build/Products/Debug-iphonesimulator/Diabo.app (in target 'Diabo' from project 'Diabo')
    cd /Users/adithyaanand/Desktop/Medisync-Diabo/Diabo
    builtin-RegisterExecutionPolicyException /Users/adithyaanand/Library/Developer/Xcode/DerivedData/Diabo-hepanazjxbdhyofuedhffkymppql/Build/Products/Debug-iphonesimulator/Diabo.app

Validate /Users/adithyaanand/Library/Developer/Xcode/DerivedData/Diabo-hepanazjxbdhyofuedhffkymppql/Build/Products/Debug-iphonesimulator/Diabo.app (in target 'Diabo' from project 'Diabo')
    cd /Users/adithyaanand/Desktop/Medisync-Diabo/Diabo
    builtin-validationUtility /Users/adithyaanand/Library/Developer/Xcode/DerivedData/Diabo-hepanazjxbdhyofuedhffkymppql/Build/Products/Debug-iphonesimulator/Diabo.app -shallow-bundle -infoplist-subpath Info.plist

Touch /Users/adithyaanand/Library/Developer/Xcode/DerivedData/Diabo-hepanazjxbdhyofuedhffkymppql/Build/Products/Debug-iphonesimulator/Diabo.app (in target 'Diabo' from project 'Diabo')
    cd /Users/adithyaanand/Desktop/Medisync-Diabo/Diabo
    /usr/bin/touch -c /Users/adithyaanand/Library/Developer/Xcode/DerivedData/Diabo-hepanazjxbdhyofuedhffkymppql/Build/Products/Debug-iphonesimulator/Diabo.app

** BUILD SUCCEEDED **

